<?xml version="1.0" encoding="UTF-8"?>
<!-- Generated by org.testng.reporters.JUnitReportReporter -->
<testsuite skipped="0" hostname="LAPTOP-8OV7IEGI" name="com.Syntax.Test.TestNGtest" tests="1" failures="0" timestamp="2020-05-19T16:01:45 EDT" time="0.005" errors="0">
  <testcase name="hello" time="0.005" classname="com.Syntax.Test.TestNGtest"/>
  <system-out/>
</testsuite> <!-- com.Syntax.Test.TestNGtest -->
